2020-05-05 20:52:28 INFO  ClientClass:40 - Unknown path requested.
2020-05-05 22:36:10 INFO  ClientClass:66 - {"username":"ukuJNkzeCj","email":"JSuvGQwQ5l@yahoo","password":"A17bxRNnq2U!","firstName":"Andrija","lastName":"CIrkovic","county":"Switzerland"}
2020-05-05 22:36:12 INFO  ClientClass:70 - status phrase: Internal Server Error
2020-05-05 22:36:12 INFO  ClientClass:71 - status code: 500
2020-05-05 22:44:36 INFO  ClientClass:65 - {"username":"Apprplusmyr","email":"IG20TNk9OR@yahoo","password":"Aem2vosxede!","firstName":"Andrija","lastName":"CIrkovic","county":"Switzerland"}
2020-05-05 22:44:37 INFO  ClientClass:69 - status phrase: Internal Server Error
2020-05-05 22:44:37 INFO  ClientClass:70 - status code: 500
2020-05-05 22:45:43 INFO  ClientClass:65 - {"username":"Andxfyxdadh","firstName":"Andrija","lastName":"CIrkovic","email":"kSjOYPWsxg@yahoo","password":"Afnhl9olpi0!","county":"Switzerland"}
2020-05-05 22:45:44 INFO  ClientClass:69 - status phrase: Internal Server Error
2020-05-05 22:45:44 INFO  ClientClass:70 - status code: 500
2020-05-05 23:10:05 INFO  ClientClass:66 - {"username":"Azngkmrtzjr","firstName":"Andrija","lastName":"Cirkovic","email":"R71YJsYqbX@yahoo","password":"Aon4kgukmfh!"}
2020-05-05 23:11:11 INFO  ClientClass:66 - {"username":"Akqvluyafdq","firstName":"Andrija","lastName":"Cirkovic","email":"t6hOtKhmoj@yahoo","password":"Aa9bf5reqxh!","country":"Switzerland"}
2020-05-05 23:19:06 INFO  ClientClass:66 - {"username":"Ajwzupwwiyc","firstName":"Andrija","lastName":"Cirkovic","email":"rq2QjhgVK7@yahoo","password":"A6sweoqluu4!","country":"Switzerland"}
2020-05-05 23:26:37 INFO  ClientClass:67 - {"username":"Abpagvnrfrx","firstName":"Andrija","lastName":"Cirkovic","email":"BWUKXd9oHC@yahoo","password":"Abbckcr4uhl!","country":"Switzerland"}
2020-05-05 23:27:24 INFO  ClientClass:67 - {"username":"Axbihliawpo","firstName":"Andrija","lastName":"Cirkovic","email":"QebZAszZXV@yahoo","password":"Atvi902jlgd!","country":"Switzerland"}
2020-05-05 23:29:52 INFO  ClientClass:67 - {"username":"Aswrhkzbpfq","firstName":"Andrija","lastName":"Cirkovic","email":"Z8wPuwK8Fp@yahoo","password":"Azutjbyxucu!","country":"Switzerland"}
2020-05-05 23:30:52 INFO  ClientClass:67 - {"username":"Aaellwomwlf","firstName":"Andrija","lastName":"Cirkovic","email":"d1mmvMyOHb@yahoo","password":"Azo62xsnxkx!","country":"Switzerland"}
2020-05-05 23:33:18 INFO  ClientClass:67 - {"username":"Ahrqomloguk","firstName":"Andrija","lastName":"Cirkovic","email":"C79KGn85iJ@yahoo","password":"Agn8gctavkf!","country":"Switzerland"}
2020-05-05 23:35:49 INFO  ClientClass:67 - {"username":"Awxgagewumq","firstName":"Andrija","lastName":"Cirkovic","email":"IKdkV6mTm3@yahoo","password":"Aknr9mijkfw!","country":"Switzerland"}
2020-05-05 23:36:51 INFO  ClientClass:67 - {"username":"Ajdskeyuudq","firstName":"Andrija","lastName":"Cirkovic","email":"KL37qYvL51@yahoo","password":"Am4hjw3pygy!","country":"Switzerland"}
2020-05-05 23:40:22 INFO  ClientClass:67 - {"username":"Aaycgrrlwlf","firstName":"Andrija","lastName":"Cirkovic","email":"7drfrUtKxZ@yahoo","password":"A4jz1fqp8vy!","country":"Switzerland"}
2020-05-06 00:03:38 INFO  ClientClass:67 - {"username":"Apevslsnzom","firstName":"Andrija","lastName":"Cirkovic","email":"vJh3Btx1cl@yahoo","password":"A36bifseedr!","country":"Switzerland"}
2020-05-06 00:03:41 INFO  ClientClass:75 - response body is: {"okMessageType":"TYPE_AAA","title":"Your account was created successfully.","body":"Please check your email to activate your Ava account."}
2020-05-06 00:06:10 INFO  ClientClass:67 - {"username":"Arobtzlsfey","firstName":"Andrija","lastName":"Cirkovic","email":"scn7157a8o@yahoo","password":"A9de8qdsy8h!","country":"Switzerland"}
2020-05-06 00:08:30 INFO  ClientClass:67 - {"username":"Alweryvfmph","firstName":"Andrija","lastName":"Cirkovic","email":"R0xyTpk1gE@yahoo","password":"Avtrfuzjmul!","country":"Switzerland"}
2020-05-06 00:09:18 INFO  ClientClass:67 - {"username":"Avbhhpumdxy","firstName":"Andrija","lastName":"Cirkovic","email":"mycPxG2dxi@yahoo","password":"A1l1c1b3sevr!","country":"Switzerland"}
2020-05-06 00:10:41 INFO  ClientClass:67 - {"username":"Aaxjyashsti","firstName":"Andrija","lastName":"Cirkovic","email":"ySmTlEwsOA@yahoo","password":"A1t5kqxpzayr!","country":"Switzerland"}
2020-05-06 00:10:55 INFO  ClientClass:67 - {"username":"Aeqvgttlxmn","firstName":"Andrija","lastName":"Cirkovic","email":"lLPvs04Fyy@yahoo","password":"A1ypbhf6j9en!","country":"Switzerland"}
2020-05-06 00:11:19 INFO  ClientClass:67 - {"username":"Albqnkzbnzw","firstName":"Andrija","lastName":"Cirkovic","email":"BdW8Ij47lZ@yahoo","password":"A1cz0qmmvzwd!","country":"Switzerland"}
2020-05-06 00:11:21 INFO  ClientClass:67 - {"username":"Aqwlswwaxps","firstName":"Andrija","lastName":"Cirkovic","email":"bes2L51S1p@yahoo","password":"123abc","country":"Switzerland"}
2020-05-06 00:19:50 INFO  ClientClass:69 - {"username":"Afnbbwahiix","firstName":"Andrija","lastName":"Cirkovic","email":"hhqqdFDaLH@yahoo","password":"A1n78g0dpqsq!","country":"Switzerland"}
2020-05-06 00:19:51 INFO  ClientClass:69 - {"username":"Aqgksbjawxm","firstName":"Andrija","lastName":"Cirkovic","email":"c0BS6kR8o7@yahoo","password":"123abc","country":"Switzerland"}
2020-05-06 07:33:10 INFO  ClientClass:69 - {"username":"Auroprvznat","firstName":"Andrija","lastName":"Cirkovic","email":"RBzLmQN6HQ@yahoo","password":"A1jtornvptmd!","country":"Switzerland"}
2020-05-06 07:38:18 INFO  ClientClass:68 - This is the request body: {"username":"Ahheqyxjffs","firstName":"Andrija","lastName":"Cirkovic","email":"xjrF3MBPNB@yahoo","password":"A1qqfj7qeq5e!","country":"Switzerland"}
2020-05-06 07:38:20 INFO  ClientClass:68 - This is the request body: {"username":"Aimsosihhpx","firstName":"Andrija","lastName":"Cirkovic","email":"S8XXlwFYu9@yahoo","password":"123abc","country":"Switzerland"}
2020-05-06 07:38:21 INFO  ClientClass:68 - This is the request body: {"username":"Andrija!!@","firstName":"Andrija","lastName":"Cirkovic","email":"tqOsyNuu3i@yahoo","password":"A1ofjldhamrh!","country":"Switzerland"}
2020-05-06 07:49:40 INFO  ClientClass:68 - This is the request body: {"username":"Aworgxsqzcx","firstName":"Andrija","lastName":"Cirkovic","email":"FtpTtvZy4i@yahoo","password":"A1ybdkxgdtce!","country":"Switzerland"}
2020-05-06 07:50:35 INFO  ClientClass:68 - This is the request body: {"username":"Amwmfbmuefn","firstName":"Andrija","lastName":"Cirkovic","email":"oZlFRzHAyT@yahoo","password":"A1bwf8jdihdu!","country":"Switzerland"}
2020-05-06 07:51:10 INFO  ClientClass:68 - This is the request body: {"username":"Annftmgxkhn","firstName":"Andrija","lastName":"Cirkovic","email":"DcmEykxbTl@yahoo","password":"A1csni13l6zn!","country":"Switzerland"}
2020-05-06 07:56:25 INFO  ClientClass:68 - This is the request body: {"username":"Aowksgingbi","firstName":"Andrija","lastName":"Cirkovic","email":"wlPrNY0aWH@yahoo","password":"A1qmyxqwcafb!","country":"Switzerland"}
2020-05-06 07:58:11 INFO  ClientClass:68 - This is the request body: {"username":"Avajcdtioye","firstName":"Andrija","lastName":"Cirkovic","email":"WKoRtX36WI@yahoo","password":"A1fs1bbovxhg!","country":"Switzerland"}
2020-05-06 07:59:04 INFO  ClientClass:68 - This is the request body: {"username":"Algmfximbci","firstName":"Andrija","lastName":"Cirkovic","email":"21jML63IU3@yahoo","password":"A1ljygbowe1u!","country":"Switzerland"}
2020-05-06 10:06:09 INFO  ClientClass:68 - This is the request body: {"username":"Avvfzrpaqdu","firstName":"Andrija","lastName":"Cirkovic","email":"gHHKRv5oxI@1secmail.net","password":"A1dhnqeobhrg!","country":"Switzerland"}
2020-05-06 10:07:22 INFO  ClientClass:68 - This is the request body: {"username":"Aafzjxnpkhv","firstName":"Andrija","lastName":"Cirkovic","email":"K2ZldpsNNB@1secmail.net","password":"A1brbmkkxuok!","country":"Switzerland"}
2020-05-06 10:08:14 INFO  ClientClass:68 - This is the request body: {"username":"Ajqrmxqoxvl","firstName":"Andrija","lastName":"Cirkovic","email":"UFRU0SXpmy@1secmail.net","password":"A12vlbm12hbg!","country":"Switzerland"}
2020-05-06 10:11:28 INFO  ClientClass:68 - This is the request body: {"username":"Azlyjzkjztc","firstName":"Andrija","lastName":"Cirkovic","email":"QSlfqGJbcs@1secmail.net","password":"A10bj9naojrl!","country":"Switzerland"}
2020-05-06 10:13:15 INFO  ClientClass:68 - This is the request body: {"username":"Aekysmjeewz","firstName":"Andrija","lastName":"Cirkovic","email":"tzAihLfgkb@1secmail.net","password":"A1roympv88dg!","country":"Switzerland"}
2020-05-06 10:14:25 INFO  ClientClass:68 - This is the request body: {"username":"Ajdzamrrelk","firstName":"Andrija","lastName":"Cirkovic","email":"ycW7txxKRD@1secmail.net","password":"A1iplgskxxnc!","country":"Switzerland"}
2020-05-06 10:16:58 INFO  ClientClass:68 - This is the request body: {"username":"Ajsigtbaqlj","firstName":"Andrija","lastName":"Cirkovic","email":"e6uxDvx3aD@1secmail.net","password":"A13qhpnkgete!","country":"Switzerland"}
2020-05-06 10:20:23 INFO  ClientClass:68 - This is the request body: {"username":"Atejtmglfll","firstName":"Andrija","lastName":"Cirkovic","email":"0AVccBbrmQ@1secmail.net","password":"A11zt1g8prpd!","country":"Switzerland"}
2020-05-06 10:21:40 INFO  ClientClass:68 - This is the request body: {"username":"Akhdcdvlwmn","firstName":"Andrija","lastName":"Cirkovic","email":"3vOXanTdfg@1secmail.net","password":"A1vic6nhbxbg!","country":"Switzerland"}
2020-05-06 10:22:47 INFO  ClientClass:68 - This is the request body: {"username":"Azkqhtgsgmu","firstName":"Andrija","lastName":"Cirkovic","email":"qG4NJAnPu4@1secmail.net","password":"A1atnurbepn4!","country":"Switzerland"}
2020-05-06 10:23:23 INFO  ClientClass:68 - This is the request body: {"username":"Afwhftpivrn","firstName":"Andrija","lastName":"Cirkovic","email":"2LFN8w2Rqv@1secmail.net","password":"A1nke2rybavn!","country":"Switzerland"}
2020-05-06 10:26:29 INFO  ClientClass:68 - This is the request body: {"username":"Agxaobufxwp","firstName":"Andrija","lastName":"Cirkovic","email":"AzWG0EKw3C@1secmail.net","password":"A1wjr6hzzfcx!","country":"Switzerland"}
2020-05-06 10:27:23 INFO  ClientClass:68 - This is the request body: {"username":"Apjedegiuib","firstName":"Andrija","lastName":"Cirkovic","email":"QkwElV8XKR@1secmail.net","password":"A1urfqrm47wv!","country":"Switzerland"}
2020-05-06 10:29:46 INFO  ClientClass:68 - This is the request body: {"username":"Aqwmhdyhalg","firstName":"Andrija","lastName":"Cirkovic","email":"xUgMEEFfMO@1secmail.net","password":"A1l4zxmffmxj!","country":"Switzerland"}
2020-05-06 10:32:12 INFO  ClientClass:68 - This is the request body: {"username":"Acqrpvtczkj","firstName":"Andrija","lastName":"Cirkovic","email":"5WjqO5sAlO@1secmail.net","password":"A1cbvxk3bfdo!","country":"Switzerland"}
2020-05-06 10:33:20 INFO  ClientClass:68 - This is the request body: {"username":"Atdhozamxfg","firstName":"Andrija","lastName":"Cirkovic","email":"QfNfo0ymS8@1secmail.net","password":"A12pxbifqcn9!","country":"Switzerland"}
2020-05-06 10:34:05 INFO  ClientClass:68 - This is the request body: {"username":"Aofsuioghvn","firstName":"Andrija","lastName":"Cirkovic","email":"o4sHSXaW8h@1secmail.net","password":"A1tl0grxl04y!","country":"Switzerland"}
2020-05-06 10:36:45 INFO  ClientClass:68 - This is the request body: {"username":"Aztasqbvnas","firstName":"Andrija","lastName":"Cirkovic","email":"VnbHQtU9h8@1secmail.net","password":"A1gzgougan65!","country":"Switzerland"}
2020-05-06 10:39:29 INFO  ClientClass:68 - This is the request body: {"username":"Awxwlvaqoyv","firstName":"Andrija","lastName":"Cirkovic","email":"zxUKRZuskF@1secmail.net","password":"A13inwvc0xhx!","country":"Switzerland"}
2020-05-06 10:40:43 INFO  ClientClass:68 - This is the request body: {"username":"Arlakibhzui","firstName":"Andrija","lastName":"Cirkovic","email":"BKlhrFu0kd@1secmail.net","password":"A1mxgsqfgsn6!","country":"Switzerland"}
2020-05-06 10:42:00 INFO  ClientClass:68 - This is the request body: {"username":"Arwsxmhrtli","firstName":"Andrija","lastName":"Cirkovic","email":"FUtEOUmI1o@1secmail.net","password":"A1pseldoacm0!","country":"Switzerland"}
2020-05-06 10:44:08 INFO  ClientClass:68 - This is the request body: {"username":"Aymzlnjuxhb","firstName":"Andrija","lastName":"Cirkovic","email":"KXKKhnyVth@1secmail.net","password":"A1tggzaax87r!","country":"Switzerland"}
2020-05-06 10:51:16 INFO  ClientClass:69 - This is the request body: {"username":"Afodlyjxewk","firstName":"Andrija","lastName":"Cirkovic","email":"qU0tsnc4L9@1secmail.net","password":"A1odsua60zhv!","country":"Switzerland"}
2020-05-06 10:55:52 INFO  ClientClass:69 - This is the request body: {"username":"Ascdgeaflyz","firstName":"Andrija","lastName":"Cirkovic","email":"V1mqyEy8rJ@1secmail.net","password":"A1u0rgsaknpg!","country":"Switzerland"}
2020-05-06 10:55:52 INFO  ClientClass:69 - This is the request body: {"username":"Ascdgeaflyz","firstName":"Andrija","lastName":"Cirkovic","email":"V1mqyEy8rJ@1secmail.net","password":"A1u0rgsaknpg!","country":"Switzerland"}
2020-05-06 10:55:53 INFO  ClientClass:69 - This is the request body: {"username":"Aiybpkaxfcs","firstName":"Andrija","lastName":"Cirkovic","email":"YXUmFncvgQ@1secmail.net","password":"123abc","country":"Switzerland"}
2020-05-06 10:55:55 INFO  ClientClass:69 - This is the request body: {"username":"Andrija!!@","firstName":"Andrija","lastName":"Cirkovic","email":"4bdaN4JNOq@1secmail.net","password":"A1inuvtcrlv3!","country":"Switzerland"}
2020-05-06 10:57:45 INFO  ClientClass:69 - This is the request body: {"username":"Aarrswkhija","firstName":"Andrija","lastName":"Cirkovic","email":"B9Gnf98kHE@1secmail.net","password":"A1npkw9wuhxs!","country":"Switzerland"}
2020-05-06 10:57:46 INFO  ClientClass:69 - This is the request body: {"username":"Atqgbjwijmx","firstName":"Andrija","lastName":"Cirkovic","email":"YpygghHuS3@1secmail.net","password":"123abc","country":"Switzerland"}
2020-05-06 10:57:48 INFO  ClientClass:69 - This is the request body: {"username":"Andrija!!@","firstName":"Andrija","lastName":"Cirkovic","email":"A0jVxta5YD@1secmail.net","password":"A1kpqeat1qnf!","country":"Switzerland"}
